.next/types/app/(authenticated)/contests/[id]/page.ts(34,29): error TS2344: Type 'ContestDetailPageProps' does not satisfy the constraint 'PageProps'.
  Types of property 'params' are incompatible.
    Type '{ id: string; }' is missing the following properties from type 'Promise<any>': then, catch, finally, [Symbol.toStringTag]
.next/types/app/(authenticated)/dashboard/page.ts(34,29): error TS2344: Type 'DashboardPageProps' does not satisfy the constraint 'PageProps'.
  Types of property 'searchParams' are incompatible.
    Type '{ contestId?: string | undefined; }' is missing the following properties from type 'Promise<any>': then, catch, finally, [Symbol.toStringTag]
prisma/seed.ts(13,18): error TS2339: Property 'editorialItem' does not exist on type 'PrismaClient<PrismaClientOptions, never, DefaultArgs>'.
prisma/seed.ts(14,18): error TS2339: Property 'contentMapping' does not exist on type 'PrismaClient<PrismaClientOptions, never, DefaultArgs>'.
src/app/(authenticated)/contests/[id]/page.tsx(3,10): error TS2305: Module '"@/lib/auth.config"' has no exported member 'auth'.
src/app/(authenticated)/contests/[id]/page.tsx(37,7): error TS2353: Object literal may only specify known properties, and 'editorialItems' does not exist in type 'ContestInclude<DefaultArgs>'.
src/app/(authenticated)/contests/[id]/page.tsx(49,31): error TS2339: Property 'subjects' does not exist on type '{ id: string; name: string; createdAt: Date; updatedAt: Date; examDate: Date | null; userId: string; role: string; institution: string; isPrimary: boolean; }'.
src/app/(authenticated)/contests/[id]/page.tsx(50,6): error TS7006: Parameter 'sum' implicitly has an 'any' type.
src/app/(authenticated)/contests/[id]/page.tsx(50,11): error TS7006: Parameter 'subject' implicitly has an 'any' type.
src/app/(authenticated)/contests/[id]/page.tsx(109,26): error TS2339: Property 'subjects' does not exist on type '{ id: string; name: string; createdAt: Date; updatedAt: Date; examDate: Date | null; userId: string; role: string; institution: string; isPrimary: boolean; }'.
src/app/(authenticated)/contests/[id]/page.tsx(121,26): error TS2339: Property 'editorialItems' does not exist on type '{ id: string; name: string; createdAt: Date; updatedAt: Date; examDate: Date | null; userId: string; role: string; institution: string; isPrimary: boolean; }'.
src/app/(authenticated)/contests/[id]/page.tsx(143,56): error TS2339: Property 'editorialItems' does not exist on type '{ id: string; name: string; createdAt: Date; updatedAt: Date; examDate: Date | null; userId: string; role: string; institution: string; isPrimary: boolean; }'.
src/app/(authenticated)/contests/[id]/page.tsx(149,18): error TS2339: Property 'subjects' does not exist on type '{ id: string; name: string; createdAt: Date; updatedAt: Date; examDate: Date | null; userId: string; role: string; institution: string; isPrimary: boolean; }'.
src/app/(authenticated)/contests/[id]/page.tsx(153,24): error TS2339: Property 'subjects' does not exist on type '{ id: string; name: string; createdAt: Date; updatedAt: Date; examDate: Date | null; userId: string; role: string; institution: string; isPrimary: boolean; }'.
src/app/(authenticated)/contests/[id]/page.tsx(153,38): error TS7006: Parameter 'subject' implicitly has an 'any' type.
src/app/(authenticated)/contests/[id]/page.tsx(163,54): error TS7006: Parameter 'topic' implicitly has an 'any' type.
src/app/api/ai/generate-schedule/route.ts(2,10): error TS2305: Module '"@/lib/auth.config"' has no exported member 'auth'.
src/app/api/ai/generate-schedule/route.ts(4,35): error TS2724: '"@/features/editorials/services/contentCrossingService"' has no exported member named 'analyzeCoveragePercentage'. Did you mean 'calculateCoveragePercentage'?
src/features/editorials/actions.ts(3,10): error TS2305: Module '"@/lib/auth.config"' has no exported member 'auth'.
src/features/editorials/actions.ts(16,34): error TS2339: Property 'editorialItem' does not exist on type 'PrismaClient<PrismaClientOptions, never, DefaultArgs>'.
src/features/editorials/actions.ts(33,35): error TS2339: Property 'editorialItem' does not exist on type 'PrismaClient<PrismaClientOptions, never, DefaultArgs>'.
src/features/editorials/actions.ts(58,34): error TS2339: Property 'editorialItem' does not exist on type 'PrismaClient<PrismaClientOptions, never, DefaultArgs>'.
src/features/editorials/actions.ts(66,16): error TS2339: Property 'editorialItem' does not exist on type 'PrismaClient<PrismaClientOptions, never, DefaultArgs>'.
src/features/editorials/actions.ts(81,34): error TS2339: Property 'editorialItem' does not exist on type 'PrismaClient<PrismaClientOptions, never, DefaultArgs>'.
src/features/editorials/actions.ts(89,32): error TS2339: Property 'contentMapping' does not exist on type 'PrismaClient<PrismaClientOptions, never, DefaultArgs>'.
src/features/editorials/actions.ts(105,32): error TS2339: Property 'contentMapping' does not exist on type 'PrismaClient<PrismaClientOptions, never, DefaultArgs>'.
src/features/editorials/actions.ts(116,16): error TS2339: Property 'contentMapping' does not exist on type 'PrismaClient<PrismaClientOptions, never, DefaultArgs>'.
src/features/editorials/actions.ts(132,33): error TS2339: Property 'contentMapping' does not exist on type 'PrismaClient<PrismaClientOptions, never, DefaultArgs>'.
src/features/editorials/components/ContentMapper.tsx(9,24): error TS2307: Cannot find module '@/components/ui/slider' or its corresponding type declarations.
src/features/editorials/components/ContentMapper.tsx(12,10): error TS2305: Module '"../actions"' has no exported member 'mapContentAction'.
src/features/editorials/components/ContentMapper.tsx(13,15): error TS2305: Module '"@/features/contests/types"' has no exported member 'Topic'.
src/features/editorials/components/ContentMapper.tsx(13,22): error TS2305: Module '"@/features/contests/types"' has no exported member 'Subject'.
src/features/editorials/components/ContentMapper.tsx(94,36): error TS7006: Parameter 'topic' implicitly has an 'any' type.
src/features/editorials/components/ContentMapper.tsx(144,46): error TS7031: Binding element 'value' implicitly has an 'any' type.
src/features/editorials/components/EditorialList.tsx(19,8): error TS2307: Cannot find module '@/components/ui/alert-dialog' or its corresponding type declarations.
src/features/editorials/components/EditorialList.tsx(96,53): error TS7006: Parameter 'open' implicitly has an 'any' type.
src/features/editorials/components/EditorialsView.tsx(4,58): error TS2307: Cannot find module '@/components/ui/tabs' or its corresponding type declarations.
src/features/editorials/components/EditorialsView.tsx(11,15): error TS2305: Module '"@/features/contests/types"' has no exported member 'Subject'.
src/features/editorials/components/EditorialsView.tsx(11,24): error TS2305: Module '"@/features/contests/types"' has no exported member 'Topic'.
src/features/editorials/services/contentCrossingService.ts(31,40): error TS2339: Property 'contentMapping' does not exist on type 'PrismaClient<PrismaClientOptions, never, DefaultArgs>'.
src/features/editorials/services/contentCrossingService.ts(102,40): error TS2339: Property 'contentMapping' does not exist on type 'PrismaClient<PrismaClientOptions, never, DefaultArgs>'.
src/features/editorials/services/contentCrossingService.ts(234,7): error TS2353: Object literal may only specify known properties, and 'contentMappings' does not exist in type 'TopicInclude<DefaultArgs>'.
src/features/editorials/services/contentCrossingService.ts(246,30): error TS2339: Property 'contentMappings' does not exist on type '{ id: string; subjectId: string; name: string; description: string | null; createdAt: Date; updatedAt: Date; parentId: string | null; }'.
src/features/editorials/services/contentCrossingService.ts(250,26): error TS2551: Property 'subject' does not exist on type '{ id: string; subjectId: string; name: string; description: string | null; createdAt: Date; updatedAt: Date; parentId: string | null; }'. Did you mean 'subjectId'?
src/features/editorials/services/contentCrossingService.ts(281,7): error TS2353: Object literal may only specify known properties, and 'contentMappings' does not exist in type 'TopicWhereInput'.
src/features/editorials/services/editorialService.ts(2,22): error TS2307: Cannot find module '@/auth' or its corresponding type declarations.
src/features/editorials/services/editorialService.ts(36,38): error TS2339: Property 'editorialItem' does not exist on type 'PrismaClient<PrismaClientOptions, never, DefaultArgs>'.
src/features/editorials/services/editorialService.ts(69,30): error TS2339: Property 'editorialItem' does not exist on type 'PrismaClient<PrismaClientOptions, never, DefaultArgs>'.
src/features/editorials/services/editorialService.ts(102,29): error TS2339: Property 'editorialItem' does not exist on type 'PrismaClient<PrismaClientOptions, never, DefaultArgs>'.
src/features/editorials/services/editorialService.ts(111,16): error TS2339: Property 'editorialItem' does not exist on type 'PrismaClient<PrismaClientOptions, never, DefaultArgs>'.
src/features/editorials/services/editorialService.ts(124,29): error TS2339: Property 'editorialItem' does not exist on type 'PrismaClient<PrismaClientOptions, never, DefaultArgs>'.
src/features/editorials/services/editorialService.ts(134,16): error TS2339: Property 'contentMapping' does not exist on type 'PrismaClient<PrismaClientOptions, never, DefaultArgs>'.
src/features/editorials/services/editorialService.ts(140,18): error TS2339: Property 'contentMapping' does not exist on type 'PrismaClient<PrismaClientOptions, never, DefaultArgs>'.
src/features/editorials/services/editorialService.ts(165,34): error TS2339: Property 'contentMapping' does not exist on type 'PrismaClient<PrismaClientOptions, never, DefaultArgs>'.
src/features/editorials/services/editorialService.ts(170,34): error TS2339: Property 'contentMapping' does not exist on type 'PrismaClient<PrismaClientOptions, never, DefaultArgs>'.
src/features/editorials/services/editorialService.ts(176,43): error TS7006: Parameter 'm' implicitly has an 'any' type.
src/features/editorials/services/editorialService.ts(177,47): error TS7006: Parameter 'm' implicitly has an 'any' type.
src/features/editorials/services/editorialService.ts(178,47): error TS7006: Parameter 'm' implicitly has an 'any' type.
src/features/editorials/services/editorialService.ts(181,13): error TS7006: Parameter 'm' implicitly has an 'any' type.
src/features/editorials/services/editorialService.ts(182,10): error TS7006: Parameter 'm' implicitly has an 'any' type.
src/features/editorials/services/editorialService.ts(193,31): error TS7006: Parameter 'c' implicitly has an 'any' type.
src/features/editorials/services/editorialService.ts(201,13): error TS7006: Parameter 'c' implicitly has an 'any' type.
src/features/editorials/services/editorialService.ts(202,10): error TS7006: Parameter 'c' implicitly has an 'any' type.
